<?xml version="1.0" encoding="UTF-8"?>
<coverage generated="1649934867197" clover="3.2.0">
  <project timestamp="1649934867197" name="All files">
    <metrics statements="34" coveredstatements="33" conditionals="20" coveredconditionals="19" methods="6" coveredmethods="6" elements="60" coveredelements="58" complexity="0" loc="34" ncloc="34" packages="2" files="2" classes="2"/>
    <package name="parsers">
      <metrics statements="14" coveredstatements="13" conditionals="6" coveredconditionals="5" methods="3" coveredmethods="3"/>
      <file name="readFile.js" path="/home/alexey/frontend-project-lvl2/parsers/readFile.js">
        <metrics statements="14" coveredstatements="13" conditionals="6" coveredconditionals="5" methods="3" coveredmethods="3"/>
        <line num="6" count="1" type="stmt"/>
        <line num="7" count="8" type="stmt"/>
        <line num="8" count="8" type="stmt"/>
        <line num="11" count="1" type="stmt"/>
        <line num="12" count="8" type="stmt"/>
        <line num="13" count="8" type="stmt"/>
        <line num="16" count="1" type="stmt"/>
        <line num="17" count="6" type="cond" truecount="4" falsecount="0"/>
        <line num="18" count="3" type="stmt"/>
        <line num="19" count="3" type="stmt"/>
        <line num="21" count="3" type="cond" truecount="1" falsecount="1"/>
        <line num="22" count="3" type="stmt"/>
        <line num="23" count="3" type="stmt"/>
        <line num="25" count="0" type="stmt"/>
      </file>
    </package>
    <package name="src">
      <metrics statements="20" coveredstatements="20" conditionals="14" coveredconditionals="14" methods="3" coveredmethods="3"/>
      <file name="main.js" path="/home/alexey/frontend-project-lvl2/src/main.js">
        <metrics statements="20" coveredstatements="20" conditionals="14" coveredconditionals="14" methods="3" coveredmethods="3"/>
        <line num="5" count="1" type="stmt"/>
        <line num="7" count="1" type="stmt"/>
        <line num="8" count="4" type="stmt"/>
        <line num="9" count="4" type="stmt"/>
        <line num="10" count="4" type="stmt"/>
        <line num="11" count="4" type="stmt"/>
        <line num="12" count="4" type="cond" truecount="4" falsecount="0"/>
        <line num="13" count="1" type="stmt"/>
        <line num="15" count="3" type="stmt"/>
        <line num="16" count="3" type="stmt"/>
        <line num="17" count="3" type="stmt"/>
        <line num="18" count="15" type="stmt"/>
        <line num="20" count="15" type="cond" truecount="4" falsecount="0"/>
        <line num="21" count="9" type="stmt"/>
        <line num="23" count="15" type="cond" truecount="2" falsecount="0"/>
        <line num="24" count="3" type="stmt"/>
        <line num="26" count="15" type="cond" truecount="4" falsecount="0"/>
        <line num="27" count="6" type="stmt"/>
        <line num="29" count="15" type="stmt"/>
        <line num="32" count="3" type="stmt"/>
      </file>
    </package>
  </project>
</coverage>
