{"/home/alexey/frontend-project-lvl2/src/main.js": {"path":"/home/alexey/frontend-project-lvl2/src/main.js","statementMap":{"0":{"start":{"line":4,"column":16},"end":{"line":23,"column":1}},"1":{"start":{"line":5,"column":20},"end":{"line":5,"column":37}},"2":{"start":{"line":6,"column":20},"end":{"line":6,"column":37}},"3":{"start":{"line":7,"column":15},"end":{"line":7,"column":58}},"4":{"start":{"line":8,"column":17},"end":{"line":20,"column":13}},"5":{"start":{"line":8,"column":41},"end":{"line":8,"column":44}},"6":{"start":{"line":10,"column":6},"end":{"line":12,"column":7}},"7":{"start":{"line":11,"column":8},"end":{"line":11,"column":54}},"8":{"start":{"line":13,"column":6},"end":{"line":15,"column":7}},"9":{"start":{"line":14,"column":8},"end":{"line":14,"column":54}},"10":{"start":{"line":16,"column":6},"end":{"line":18,"column":7}},"11":{"start":{"line":17,"column":8},"end":{"line":17,"column":54}},"12":{"start":{"line":19,"column":6},"end":{"line":19,"column":17}},"13":{"start":{"line":22,"column":2},"end":{"line":22,"column":22}}},"fnMap":{"0":{"name":"(anonymous_0)","decl":{"start":{"line":4,"column":16},"end":{"line":4,"column":17}},"loc":{"start":{"line":4,"column":38},"end":{"line":23,"column":1}},"line":4},"1":{"name":"(anonymous_1)","decl":{"start":{"line":8,"column":32},"end":{"line":8,"column":33}},"loc":{"start":{"line":8,"column":41},"end":{"line":8,"column":44}},"line":8},"2":{"name":"(anonymous_2)","decl":{"start":{"line":9,"column":12},"end":{"line":9,"column":13}},"loc":{"start":{"line":9,"column":26},"end":{"line":20,"column":5}},"line":9}},"branchMap":{"0":{"loc":{"start":{"line":10,"column":6},"end":{"line":12,"column":7}},"type":"if","locations":[{"start":{"line":10,"column":6},"end":{"line":12,"column":7}},{"start":{},"end":{}}],"line":10},"1":{"loc":{"start":{"line":10,"column":10},"end":{"line":10,"column":70}},"type":"binary-expr","locations":[{"start":{"line":10,"column":10},"end":{"line":10,"column":31}},{"start":{"line":10,"column":36},"end":{"line":10,"column":69}}],"line":10},"2":{"loc":{"start":{"line":13,"column":6},"end":{"line":15,"column":7}},"type":"if","locations":[{"start":{"line":13,"column":6},"end":{"line":15,"column":7}},{"start":{},"end":{}}],"line":13},"3":{"loc":{"start":{"line":16,"column":6},"end":{"line":18,"column":7}},"type":"if","locations":[{"start":{"line":16,"column":6},"end":{"line":18,"column":7}},{"start":{},"end":{}}],"line":16},"4":{"loc":{"start":{"line":16,"column":10},"end":{"line":16,"column":70}},"type":"binary-expr","locations":[{"start":{"line":16,"column":10},"end":{"line":16,"column":31}},{"start":{"line":16,"column":36},"end":{"line":16,"column":69}}],"line":16}},"s":{"0":1,"1":1,"2":1,"3":1,"4":1,"5":5,"6":5,"7":3,"8":5,"9":1,"10":5,"11":2,"12":5,"13":1},"f":{"0":1,"1":5,"2":5},"b":{"0":[3,2],"1":[5,4],"2":[1,4],"3":[2,3],"4":[5,3]},"_coverageSchema":"1a1c01bbd47fc00a2c39e90264f33305004495a9","hash":"4ea00767150ff86b263940a675e96dbd8d896916"}
,"/home/alexey/frontend-project-lvl2/src/readFile.js": {"path":"/home/alexey/frontend-project-lvl2/src/readFile.js","statementMap":{"0":{"start":{"line":5,"column":17},"end":{"line":9,"column":1}},"1":{"start":{"line":6,"column":15},"end":{"line":6,"column":75}},"2":{"start":{"line":7,"column":17},"end":{"line":7,"column":33}},"3":{"start":{"line":8,"column":2},"end":{"line":8,"column":16}}},"fnMap":{"0":{"name":"(anonymous_0)","decl":{"start":{"line":5,"column":17},"end":{"line":5,"column":18}},"loc":{"start":{"line":5,"column":31},"end":{"line":9,"column":1}},"line":5}},"branchMap":{},"s":{"0":1,"1":2,"2":2,"3":2},"f":{"0":2},"b":{},"_coverageSchema":"1a1c01bbd47fc00a2c39e90264f33305004495a9","hash":"b2b589773a491d5c4091f6304008278fd16547ed"}
}
