TN:
SF:parsers/readFile.js
FN:6,(anonymous_0)
FN:11,(anonymous_1)
FN:16,(anonymous_2)
FNF:3
FNH:3
FNDA:8,(anonymous_0)
FNDA:8,(anonymous_1)
FNDA:6,(anonymous_2)
DA:6,1
DA:7,8
DA:8,8
DA:11,1
DA:12,8
DA:13,8
DA:16,1
DA:17,6
DA:18,3
DA:19,3
DA:21,3
DA:22,3
DA:23,3
DA:25,0
LF:14
LH:13
BRDA:17,0,0,3
BRDA:17,0,1,3
BRDA:17,1,0,6
BRDA:17,1,1,3
BRDA:21,2,0,3
BRDA:21,2,1,0
BRF:6
BRH:5
end_of_record
TN:
SF:src/main.js
FN:7,(anonymous_0)
FN:18,(anonymous_1)
FN:19,(anonymous_2)
FNF:3
FNH:3
FNDA:4,(anonymous_0)
FNDA:15,(anonymous_1)
FNDA:15,(anonymous_2)
DA:5,1
DA:7,1
DA:8,4
DA:9,4
DA:10,4
DA:11,4
DA:12,4
DA:13,1
DA:15,3
DA:16,3
DA:17,3
DA:18,15
DA:20,15
DA:21,9
DA:23,15
DA:24,3
DA:26,15
DA:27,6
DA:29,15
DA:32,3
LF:20
LH:20
BRDA:12,0,0,1
BRDA:12,0,1,3
BRDA:12,1,0,4
BRDA:12,1,1,3
BRDA:20,2,0,9
BRDA:20,2,1,6
BRDA:20,3,0,15
BRDA:20,3,1,12
BRDA:23,4,0,3
BRDA:23,4,1,12
BRDA:26,5,0,6
BRDA:26,5,1,9
BRDA:26,6,0,15
BRDA:26,6,1,9
BRF:14
BRH:14
end_of_record
