TN:
SF:src/main.js
FN:4,(anonymous_0)
FN:8,(anonymous_1)
FN:9,(anonymous_2)
FNF:3
FNH:3
FNDA:1,(anonymous_0)
FNDA:5,(anonymous_1)
FNDA:5,(anonymous_2)
DA:4,1
DA:5,1
DA:6,1
DA:7,1
DA:8,5
DA:10,5
DA:11,3
DA:13,5
DA:14,1
DA:16,5
DA:17,2
DA:19,5
DA:22,1
LF:13
LH:13
BRDA:10,0,0,3
BRDA:10,0,1,2
BRDA:10,1,0,5
BRDA:10,1,1,4
BRDA:13,2,0,1
BRDA:13,2,1,4
BRDA:16,3,0,2
BRDA:16,3,1,3
BRDA:16,4,0,5
BRDA:16,4,1,3
BRF:10
BRH:10
end_of_record
TN:
SF:src/readFile.js
FN:5,(anonymous_0)
FNF:1
FNH:1
FNDA:2,(anonymous_0)
DA:5,1
DA:6,2
DA:7,2
DA:8,2
LF:4
LH:4
BRF:0
BRH:0
end_of_record
